<?xml version="1.0" encoding="UTF-8"?>
<!-- Generated by org.testng.reporters.JUnitXMLReporter -->
<testsuite ignored="0" hostname="ssaklecha1-LAP" failures="0" tests="3" name="SauceDemo Tests" time="46.247" errors="0" timestamp="2025-03-16T13:22:13 IST">
  <testcase classname="tests.LoginTest" name="testLoginWithValidCredentials" time="1.281"/>
  <testcase classname="tests.CartTest" name="testAddItemToCart" time="2.696"/>
  <testcase classname="tests.CheckoutTest" name="testCheckoutProcess" time="2.728"/>
</testsuite> <!-- SauceDemo Tests -->
