<?xml version="1.0" encoding="UTF-8"?>
<testng-results ignored="0" total="3" passed="3" failed="0" skipped="0">
  <reporter-output>
  </reporter-output>
  <suite started-at="2025-03-16T13:21:26 IST" name="SauceDemo Test Suite" finished-at="2025-03-16T13:22:12 IST" duration-ms="46247">
    <groups>
    </groups>
    <test started-at="2025-03-16T13:21:26 IST" name="SauceDemo Tests" finished-at="2025-03-16T13:22:12 IST" duration-ms="46247">
      <class name="tests.LoginTest">
        <test-method is-config="true" signature="setUp()[pri:0, instance:tests.LoginTest@124c278f]" started-at="2025-03-16T13:21:26 IST" name="setUp" finished-at="2025-03-16T13:21:37 IST" duration-ms="10648" status="PASS">
          <reporter-output>
          </reporter-output>
        </test-method> <!-- setUp -->
        <test-method signature="testLoginWithValidCredentials()[pri:0, instance:tests.LoginTest@124c278f]" started-at="2025-03-16T13:21:37 IST" name="testLoginWithValidCredentials" finished-at="2025-03-16T13:21:38 IST" duration-ms="1281" status="PASS">
          <reporter-output>
          </reporter-output>
        </test-method> <!-- testLoginWithValidCredentials -->
        <test-method is-config="true" signature="tearDown()[pri:0, instance:tests.LoginTest@124c278f]" started-at="2025-03-16T13:21:38 IST" name="tearDown" finished-at="2025-03-16T13:21:41 IST" duration-ms="3196" status="PASS">
          <reporter-output>
          </reporter-output>
        </test-method> <!-- tearDown -->
      </class> <!-- tests.LoginTest -->
      <class name="tests.CartTest">
        <test-method is-config="true" signature="setUp()[pri:0, instance:tests.CartTest@75329a49]" started-at="2025-03-16T13:21:41 IST" name="setUp" finished-at="2025-03-16T13:21:51 IST" duration-ms="9975" status="PASS">
          <reporter-output>
          </reporter-output>
        </test-method> <!-- setUp -->
        <test-method signature="testAddItemToCart()[pri:0, instance:tests.CartTest@75329a49]" started-at="2025-03-16T13:21:51 IST" name="testAddItemToCart" finished-at="2025-03-16T13:21:54 IST" duration-ms="2696" status="PASS">
          <reporter-output>
          </reporter-output>
        </test-method> <!-- testAddItemToCart -->
        <test-method is-config="true" signature="tearDown()[pri:0, instance:tests.CartTest@75329a49]" started-at="2025-03-16T13:21:54 IST" name="tearDown" finished-at="2025-03-16T13:21:58 IST" duration-ms="4164" status="PASS">
          <reporter-output>
          </reporter-output>
        </test-method> <!-- tearDown -->
      </class> <!-- tests.CartTest -->
      <class name="tests.CheckoutTest">
        <test-method is-config="true" signature="setUp()[pri:0, instance:tests.CheckoutTest@161479c6]" started-at="2025-03-16T13:21:58 IST" name="setUp" finished-at="2025-03-16T13:22:07 IST" duration-ms="8906" status="PASS">
          <reporter-output>
          </reporter-output>
        </test-method> <!-- setUp -->
        <test-method signature="testCheckoutProcess()[pri:0, instance:tests.CheckoutTest@161479c6]" started-at="2025-03-16T13:22:07 IST" name="testCheckoutProcess" finished-at="2025-03-16T13:22:10 IST" duration-ms="2728" status="PASS">
          <reporter-output>
          </reporter-output>
        </test-method> <!-- testCheckoutProcess -->
        <test-method is-config="true" signature="tearDown()[pri:0, instance:tests.CheckoutTest@161479c6]" started-at="2025-03-16T13:22:10 IST" name="tearDown" finished-at="2025-03-16T13:22:12 IST" duration-ms="2545" status="PASS">
          <reporter-output>
          </reporter-output>
        </test-method> <!-- tearDown -->
      </class> <!-- tests.CheckoutTest -->
    </test> <!-- SauceDemo Tests -->
  </suite> <!-- SauceDemo Test Suite -->
</testng-results>
